<?xml version="1.0" encoding="UTF-8"?>
<testng-results skipped="0" failed="0" ignored="0" total="1" passed="1">
  <reporter-output>
  </reporter-output>
  <suite name="Default suite" duration-ms="12011" started-at="2018-10-17T13:25:48Z" finished-at="2018-10-17T13:26:00Z">
    <groups>
    </groups>
    <test name="Default test" duration-ms="12011" started-at="2018-10-17T13:25:48Z" finished-at="2018-10-17T13:26:00Z">
      <class name="com.qa.barcode.BarCodeCapture">
        <test-method status="PASS" signature="Test1()[pri:0, instance:com.qa.barcode.BarCodeCapture@6a41eaa2]" name="Test1" duration-ms="11967" started-at="2018-10-17T13:25:48Z" finished-at="2018-10-17T13:26:00Z">
          <reporter-output>
          </reporter-output>
        </test-method> <!-- Test1 -->
      </class> <!-- com.qa.barcode.BarCodeCapture -->
    </test> <!-- Default test -->
  </suite> <!-- Default suite -->
</testng-results>
